#
# There is insufficient memory for the Java Runtime Environment to continue.
# Native memory allocation (malloc) failed to allocate 1241936 bytes for Chunk::new
# Possible reasons:
#   The system is out of physical RAM or swap space
#   The process is running with CompressedOops enabled, and the Java Heap may be blocking the growth of the native heap
# Possible solutions:
#   Reduce memory load on the system
#   Increase physical memory or swap space
#   Check if swap backing store is full
#   Decrease Java heap size (-Xmx/-Xms)
#   Decrease number of Java threads
#   Decrease Java thread stack sizes (-Xss)
#   Set larger code cache with -XX:ReservedCodeCacheSize=
#   JVM is running with Zero Based Compressed Oops mode in which the Java heap is
#     placed in the first 32GB address space. The Java Heap base address is the
#     maximum limit for the native heap growth. Please use -XX:HeapBaseMinAddress
#     to set the Java Heap base and to place the Java Heap above 32GB virtual address.
# This output file may be truncated or incomplete.
#
#  Out of Memory Error (allocation.cpp:389), pid=40248, tid=0x0000000000009c04
#
# JRE version: Java(TM) SE Runtime Environment (8.0_202-b08) (build 1.8.0_202-b08)
# Java VM: Java HotSpot(TM) 64-Bit Server VM (25.202-b08 mixed mode windows-amd64 compressed oops)
# Failed to write core dump. Minidumps are not enabled by default on client versions of Windows
#

---------------  T H R E A D  ---------------

Current thread (0x000000001e8cf000):  JavaThread "C2 CompilerThread0" daemon [_thread_in_native, id=39940, stack(0x000000001f1e0000,0x000000001f2e0000)]

Stack: [0x000000001f1e0000,0x000000001f2e0000]
[error occurred during error reporting (printing stack bounds), id 0xc0000005]

Native frames: (J=compiled Java code, j=interpreted, Vv=VM code, C=native code)


Current CompileTask:
C2:   3602 1933       4       java.net.URLClassLoader$1::run (5 bytes)


---------------  P R O C E S S  ---------------

Java Threads: ( => current thread )
  0x000000001e8fd800 JavaThread "Service Thread" daemon [_thread_blocked, id=27748, stack(0x000000001f5e0000,0x000000001f6e0000)]
  0x000000001e8de800 JavaThread "C1 CompilerThread3" daemon [_thread_in_native, id=47568, stack(0x000000001f4e0000,0x000000001f5e0000)]
  0x000000001e8d5000 JavaThread "C2 CompilerThread2" daemon [_thread_blocked, id=45476, stack(0x000000001f3e0000,0x000000001f4e0000)]
  0x000000001e8d1800 JavaThread "C2 CompilerThread1" daemon [_thread_in_native, id=14280, stack(0x000000001f2e0000,0x000000001f3e0000)]
=>0x000000001e8cf000 JavaThread "C2 CompilerThread0" daemon [_thread_in_native, id=39940, stack(0x000000001f1e0000,0x000000001f2e0000)]
  0x000000001e8cb800 JavaThread "Attach Listener" daemon [_thread_blocked, id=37856, stack(0x000000001f0e0000,0x000000001f1e0000)]
  0x000000001e8ca800 JavaThread "Signal Dispatcher" daemon [_thread_blocked, id=42008, stack(0x000000001efe0000,0x000000001f0e0000)]
  0x000000001e8c0800 JavaThread "Finalizer" daemon [_thread_blocked, id=30740, stack(0x000000001eda0000,0x000000001eea0000)]
  0x000000001cadd000 JavaThread "Reference Handler" daemon [_thread_blocked, id=45576, stack(0x000000001eca0000,0x000000001eda0000)]
  0x0000000003043800 JavaThread "main" [_thread_in_native, id=41568, stack(0x0000000002ef0000,0x0000000002ff0000)]

Other Threads:
  0x000000001cad8800 VMThread [stack: 0x000000001e7a0000,0x000000001e8a0000] [id=18792]
  0x000000001e8ff800 WatcherThread [stack: 0x000000001f6e0000,0x000000001f7e0000] [id=44376]

VM state:not at safepoint (normal execution)

VM Mutex/Monitor currently owned by a thread: None

heap address: 0x00000006c3600000, size: 4042 MB, Compressed Oops mode: Zero based, Oop shift amount: 3
Narrow klass base: 0x0000000000000000, Narrow klass shift: 3
Compressed class space size: 1073741824 Address: 0x00000007c0000000

Heap:
 PSYoungGen      total 75776K, used 52727K [0x000000076bd00000, 0x0000000771180000, 0x00000007c0000000)
  eden space 65024K, 66% used [0x000000076bd00000,0x000000076e738238,0x000000076fc80000)
  from space 10752K, 88% used [0x000000076fc80000,0x00000007705c5a30,0x0000000770700000)
  to   space 10752K, 0% used [0x0000000770700000,0x0000000770700000,0x0000000771180000)
 ParOldGen       total 173568K, used 24K [0x00000006c3600000, 0x00000006cdf80000, 0x000000076bd00000)
  object space 173568K, 0% used [0x00000006c3600000,0x00000006c3606000,0x00000006cdf80000)
 Metaspace       used 16951K, capacity 17418K, committed 17792K, reserved 1064960K
  class space    used 2169K, capacity 2351K, committed 2432K, reserved 1048576K

Card table byte_map: [0x0000000012570000,0x0000000012d60000] byte_map_base: 0x000000000ef55000

Marking Bits: (ParMarkBitMap*) 0x000000005ff45ce0
 Begin Bits: [0x0000000013ab0000, 0x00000000179d8000)
 End Bits:   [0x00000000179d8000, 0x000000001b900000)

Polling page: 0x00000000016a0000

CodeCache: size=245760Kb used=7101Kb max_used=7101Kb free=238659Kb
 bounds [0x00000000031b0000, 0x00000000038b0000, 0x00000000121b0000]
 total_blobs=2508 nmethods=2122 adapters=295
 compilation: enabled

Compilation events (10 events):
Event: 3.582 Thread 0x000000001e8de800 2105       1       org.eclipse.sisu.inject.RankedBindings::type (5 bytes)
Event: 3.582 Thread 0x000000001e8de800 nmethod 2105 0x000000000388ced0 code [0x000000000388d020, 0x000000000388d130]
Event: 3.583 Thread 0x000000001e8de800 2106   !   3       com.google.inject.internal.ProvisionListenerStackCallback::provision (107 bytes)
Event: 3.584 Thread 0x000000001e8de800 nmethod 2106 0x000000000388bd10 code [0x000000000388bf00, 0x000000000388ca18]
Event: 3.584 Thread 0x000000001e8de800 2107       3       com.google.inject.internal.ProvisionListenerStackCallback$Provision::<init> (20 bytes)
Event: 3.585 Thread 0x000000001e8de800 nmethod 2107 0x000000000388b850 code [0x000000000388b9c0, 0x000000000388bc10]
Event: 3.585 Thread 0x000000001e8de800 2108       1       java.util.concurrent.atomic.AtomicInteger::incrementAndGet (14 bytes)
Event: 3.585 Thread 0x000000001e8de800 nmethod 2108 0x000000000388b590 code [0x000000000388b6e0, 0x000000000388b7f0]
Event: 3.585 Thread 0x000000001e8de800 2109       3       java.lang.reflect.Field::set (52 bytes)
Event: 3.586 Thread 0x000000001e8de800 nmethod 2109 0x000000000388e310 code [0x000000000388e4e0, 0x000000000388eb28]

GC Heap History (2 events):
Event: 2.037 GC heap before
{Heap before GC invocations=1 (full 0):
 PSYoungGen      total 75776K, used 65024K [0x000000076bd00000, 0x0000000771180000, 0x00000007c0000000)
  eden space 65024K, 100% used [0x000000076bd00000,0x000000076fc80000,0x000000076fc80000)
  from space 10752K, 0% used [0x0000000770700000,0x0000000770700000,0x0000000771180000)
  to   space 10752K, 0% used [0x000000076fc80000,0x000000076fc80000,0x0000000770700000)
 ParOldGen       total 173568K, used 0K [0x00000006c3600000, 0x00000006cdf80000, 0x000000076bd00000)
  object space 173568K, 0% used [0x00000006c3600000,0x00000006c3600000,0x00000006cdf80000)
 Metaspace       used 11740K, capacity 12106K, committed 12416K, reserved 1060864K
  class space    used 1464K, capacity 1579K, committed 1664K, reserved 1048576K
Event: 2.050 GC heap after
Heap after GC invocations=1 (full 0):
 PSYoungGen      total 75776K, used 9494K [0x000000076bd00000, 0x0000000771180000, 0x00000007c0000000)
  eden space 65024K, 0% used [0x000000076bd00000,0x000000076bd00000,0x000000076fc80000)
  from space 10752K, 88% used [0x000000076fc80000,0x00000007705c5a30,0x0000000770700000)
  to   space 10752K, 0% used [0x0000000770700000,0x0000000770700000,0x0000000771180000)
 ParOldGen       total 173568K, used 24K [0x00000006c3600000, 0x00000006cdf80000, 0x000000076bd00000)
  object space 173568K, 0% used [0x00000006c3600000,0x00000006c3606000,0x00000006cdf80000)
 Metaspace       used 11740K, capacity 12106K, committed 12416K, reserved 1060864K
  class space    used 1464K, capacity 1579K, committed 1664K, reserved 1048576K
}

Deoptimization events (10 events):
Event: 1.460 Thread 0x0000000003043800 Uncommon trap: reason=unstable_if action=reinterpret pc=0x00000000034f29fc method=sun.nio.cs.StreamDecoder.implRead([CII)I @ 197
Event: 1.561 Thread 0x0000000003043800 Uncommon trap: reason=unstable_if action=reinterpret pc=0x000000000349735c method=java.util.HashMap.getNode(ILjava/lang/Object;)Ljava/util/HashMap$Node; @ 129
Event: 1.561 Thread 0x0000000003043800 Uncommon trap: reason=unstable_if action=reinterpret pc=0x00000000034932c4 method=java.util.HashMap.getNode(ILjava/lang/Object;)Ljava/util/HashMap$Node; @ 129
Event: 1.602 Thread 0x0000000003043800 Uncommon trap: reason=unstable_if action=reinterpret pc=0x00000000033f33d8 method=sun.misc.MetaIndex.mayContain(Ljava/lang/String;)Z @ 38
Event: 1.602 Thread 0x0000000003043800 Uncommon trap: reason=unstable_if action=reinterpret pc=0x00000000034e1e64 method=java.nio.charset.CharsetDecoder.decode(Ljava/nio/ByteBuffer;Ljava/nio/CharBuffer;Z)Ljava/nio/charset/CoderResult; @ 1
Event: 2.629 Thread 0x0000000003043800 Uncommon trap: reason=array_check action=maybe_recompile pc=0x00000000036c74c8 method=java.util.stream.Nodes$FixedNodeBuilder.accept(Ljava/lang/Object;)V @ 28
Event: 2.629 Thread 0x0000000003043800 Uncommon trap: reason=array_check action=maybe_recompile pc=0x00000000036c74c8 method=java.util.stream.Nodes$FixedNodeBuilder.accept(Ljava/lang/Object;)V @ 28
Event: 2.629 Thread 0x0000000003043800 Uncommon trap: reason=array_check action=maybe_recompile pc=0x00000000036c74c8 method=java.util.stream.Nodes$FixedNodeBuilder.accept(Ljava/lang/Object;)V @ 28
Event: 2.629 Thread 0x0000000003043800 Uncommon trap: reason=array_check action=maybe_recompile pc=0x00000000036c74c8 method=java.util.stream.Nodes$FixedNodeBuilder.accept(Ljava/lang/Object;)V @ 28
Event: 2.853 Thread 0x0000000003043800 Uncommon trap: reason=unstable_if action=reinterpret pc=0x0000000003552648 method=java.lang.ClassLoader.checkName(Ljava/lang/String;)Z @ 1

Classes redefined (0 events):
No events

Internal exceptions (10 events):
Event: 1.114 Thread 0x0000000003043800 Exception <a 'java/lang/NoSuchMethodError': java.lang.Object.lambda$comparing$ea9a8b3a$1(Ljava/util/Comparator;Ljava/util/function/Function;Ljava/lang/Object;Ljava/lang/Object;)I> (0x000000076d5e6da0) thrown at [C:\re\workspace\8-2-build-windows-amd64-cyg
Event: 1.116 Thread 0x0000000003043800 Exception <a 'java/lang/NoSuchMethodError': java.lang.Object.lambda$thenComparing$36697e65$1(Ljava/util/Comparator;Ljava/lang/Object;Ljava/lang/Object;)I> (0x000000076d5eed58) thrown at [C:\re\workspace\8-2-build-windows-amd64-cygwin\jdk8u202\12323\hotspo
Event: 1.268 Thread 0x0000000003043800 Exception <a 'java/lang/ArrayIndexOutOfBoundsException'> (0x000000076da94c68) thrown at [C:\re\workspace\8-2-build-windows-amd64-cygwin\jdk8u202\12323\hotspot\src\share\vm\runtime\sharedRuntime.cpp, line 605]
Event: 1.286 Thread 0x0000000003043800 Exception <a 'java/lang/ArrayIndexOutOfBoundsException'> (0x000000076db14980) thrown at [C:\re\workspace\8-2-build-windows-amd64-cygwin\jdk8u202\12323\hotspot\src\share\vm\runtime\sharedRuntime.cpp, line 605]
Event: 1.293 Thread 0x0000000003043800 Exception <a 'java/lang/NoClassDefFoundError': javax/enterprise/inject/Typed> (0x000000076db488e0) thrown at [C:\re\workspace\8-2-build-windows-amd64-cygwin\jdk8u202\12323\hotspot\src\share\vm\classfile\systemDictionary.cpp, line 199]
Event: 1.464 Thread 0x0000000003043800 Exception <a 'java/lang/ArrayIndexOutOfBoundsException'> (0x000000076e2cbcd0) thrown at [C:\re\workspace\8-2-build-windows-amd64-cygwin\jdk8u202\12323\hotspot\src\share\vm\runtime\sharedRuntime.cpp, line 605]
Event: 1.465 Thread 0x0000000003043800 Exception <a 'java/lang/ArrayIndexOutOfBoundsException'> (0x000000076e2cd860) thrown at [C:\re\workspace\8-2-build-windows-amd64-cygwin\jdk8u202\12323\hotspot\src\share\vm\runtime\sharedRuntime.cpp, line 605]
Event: 2.853 Thread 0x0000000003043800 Implicit null exception at 0x000000000355248c to 0x0000000003552639
Event: 3.346 Thread 0x0000000003043800 Exception <a 'java/lang/NoClassDefFoundError': com/google/inject/servlet/ServletModuleTargetVisitor> (0x000000076e23a4d0) thrown at [C:\re\workspace\8-2-build-windows-amd64-cygwin\jdk8u202\12323\hotspot\src\share\vm\classfile\systemDictionary.cpp, line 19
Event: 3.347 Thread 0x0000000003043800 Exception <a 'java/lang/NoClassDefFoundError'> (0x000000076e23a4d0) thrown at [C:\re\workspace\8-2-build-windows-amd64-cygwin\jdk8u202\12323\hotspot\src\share\vm\prims\jvm.cpp, line 1506]

Events (10 events):
Event: 3.554 loading class org/apache/maven/execution/SettingsAdapter
Event: 3.554 loading class org/apache/maven/execution/SettingsAdapter done
Event: 3.557 loading class org/apache/maven/plugin/descriptor/DuplicateMojoDescriptorException
Event: 3.557 loading class org/apache/maven/plugin/descriptor/DuplicateMojoDescriptorException done
Event: 3.558 loading class org/apache/maven/plugin/descriptor/InvalidPluginDescriptorException
Event: 3.558 loading class org/apache/maven/plugin/descriptor/InvalidPluginDescriptorException done
Event: 3.565 loading class org/apache/maven/project/RepositorySessionDecorator
Event: 3.565 loading class org/apache/maven/project/RepositorySessionDecorator done
Event: 3.578 loading class org/apache/maven/plugin/CompoundMojoExecutionListener
Event: 3.578 loading class org/apache/maven/plugin/CompoundMojoExecutionListener done


Dynamic libraries:
0x00007ff771890000 - 0x00007ff7718c7000 	C:\Program Files\Java\jdk1.8.0_202\bin\java.exe
0x00007ffccd550000 - 0x00007ffccd768000 	C:\WINDOWS\SYSTEM32\ntdll.dll
0x00007ffccb790000 - 0x00007ffccb854000 	C:\WINDOWS\System32\KERNEL32.DLL
0x00007ffcca9e0000 - 0x00007ffccadb3000 	C:\WINDOWS\System32\KERNELBASE.dll
0x00007ffccc1a0000 - 0x00007ffccc251000 	C:\WINDOWS\System32\ADVAPI32.dll
0x00007ffccbd50000 - 0x00007ffccbdf7000 	C:\WINDOWS\System32\msvcrt.dll
0x00007ffccc290000 - 0x00007ffccc338000 	C:\WINDOWS\System32\sechost.dll
0x00007ffcca9b0000 - 0x00007ffcca9d8000 	C:\WINDOWS\System32\bcrypt.dll
0x00007ffccb210000 - 0x00007ffccb328000 	C:\WINDOWS\System32\RPCRT4.dll
0x00007ffcccbe0000 - 0x00007ffcccd92000 	C:\WINDOWS\System32\USER32.dll
0x00007ffcca810000 - 0x00007ffcca836000 	C:\WINDOWS\System32\win32u.dll
0x00007ffccc260000 - 0x00007ffccc289000 	C:\WINDOWS\System32\GDI32.dll
0x00007ffccadc0000 - 0x00007ffccaee3000 	C:\WINDOWS\System32\gdi32full.dll
0x00007ffccaf70000 - 0x00007ffccb00a000 	C:\WINDOWS\System32\msvcp_win.dll
0x00007ffccb0d0000 - 0x00007ffccb1e1000 	C:\WINDOWS\System32\ucrtbase.dll
0x00007ffca59c0000 - 0x00007ffca5c5c000 	C:\WINDOWS\WinSxS\amd64_microsoft.windows.common-controls_6595b64144ccf1df_6.0.22621.6060_none_2712eda17382d24b\COMCTL32.dll
0x00007ffccce80000 - 0x00007ffccceb1000 	C:\WINDOWS\System32\IMM32.DLL
0x0000000062490000 - 0x0000000062562000 	C:\Program Files\Java\jdk1.8.0_202\jre\bin\msvcr100.dll
0x000000005f720000 - 0x000000005ffc5000 	C:\Program Files\Java\jdk1.8.0_202\jre\bin\server\jvm.dll
0x00007ffccbe00000 - 0x00007ffccbe08000 	C:\WINDOWS\System32\PSAPI.DLL
0x00007ffcc6140000 - 0x00007ffcc614a000 	C:\WINDOWS\SYSTEM32\VERSION.dll
0x00007ffcc5450000 - 0x00007ffcc5484000 	C:\WINDOWS\SYSTEM32\WINMM.dll
0x00007ffc864a0000 - 0x00007ffc864a9000 	C:\WINDOWS\SYSTEM32\WSOCK32.dll
0x00007ffccbc80000 - 0x00007ffccbcf1000 	C:\WINDOWS\System32\WS2_32.dll
0x00007ffcacac0000 - 0x00007ffcacacf000 	C:\Program Files\Java\jdk1.8.0_202\jre\bin\verify.dll
0x00007ffc9cb00000 - 0x00007ffc9cb29000 	C:\Program Files\Java\jdk1.8.0_202\jre\bin\java.dll
0x00007ffc774c0000 - 0x00007ffc774d6000 	C:\Program Files\Java\jdk1.8.0_202\jre\bin\zip.dll
0x00007ffccc340000 - 0x00007ffcccbde000 	C:\WINDOWS\System32\SHELL32.dll
0x00007ffcca6d0000 - 0x00007ffcca80f000 	C:\WINDOWS\System32\wintypes.dll
0x00007ffccb860000 - 0x00007ffccbbf2000 	C:\WINDOWS\System32\combase.dll
0x00007ffcc84e0000 - 0x00007ffcc8df8000 	C:\WINDOWS\SYSTEM32\windows.storage.dll
0x00007ffccb4a0000 - 0x00007ffccb5a4000 	C:\WINDOWS\System32\SHCORE.dll
0x00007ffccbc00000 - 0x00007ffccbc69000 	C:\WINDOWS\System32\shlwapi.dll
0x00007ffcca580000 - 0x00007ffcca5a5000 	C:\WINDOWS\SYSTEM32\profapi.dll
0x00007ffc75f40000 - 0x00007ffc75f5a000 	C:\Program Files\Java\jdk1.8.0_202\jre\bin\net.dll
0x00007ffca43d0000 - 0x00007ffca45c5000 	C:\WINDOWS\SYSTEM32\urlmon.dll
0x00007ffca3d80000 - 0x00007ffca403f000 	C:\WINDOWS\SYSTEM32\iertutil.dll
0x00007ffcac690000 - 0x00007ffcac6b8000 	C:\WINDOWS\SYSTEM32\srvcli.dll
0x00007ffcc9050000 - 0x00007ffcc905c000 	C:\WINDOWS\SYSTEM32\netutils.dll
0x00007ffcc9aa0000 - 0x00007ffcc9b09000 	C:\WINDOWS\system32\mswsock.dll
0x00007ffc73b20000 - 0x00007ffc73b32000 	C:\Program Files\Java\jdk1.8.0_202\jre\bin\nio.dll
0x00007ffc64e70000 - 0x00007ffc64e94000 	C:\Users\ali\Downloads\maven-mvnd-1.0.3-windows-amd64\maven-mvnd-1.0.3-windows-amd64\mvn\lib\jansi-native\Windows\x86_64\jansi.dll

VM Arguments:
jvm_args: -Dclassworlds.conf=C:\Users\ali\Downloads\maven-mvnd-1.0.3-windows-amd64\maven-mvnd-1.0.3-windows-amd64\mvn\bin\m2.conf -Dmaven.home=C:\Users\ali\Downloads\maven-mvnd-1.0.3-windows-amd64\maven-mvnd-1.0.3-windows-amd64\mvn -Dlibrary.jansi.path=C:\Users\ali\Downloads\maven-mvnd-1.0.3-windows-amd64\maven-mvnd-1.0.3-windows-amd64\mvn\lib\jansi-native -Dmaven.multiModuleProjectDirectory=C:\Users\ali\Downloads\BigdataLabs\hadoop_lab\kafka_lab 
java_command: org.codehaus.plexus.classworlds.launcher.Launcher clean package
java_class_path (initial): C:\Users\ali\Downloads\maven-mvnd-1.0.3-windows-amd64\maven-mvnd-1.0.3-windows-amd64\mvn\boot\plexus-classworlds-2.9.0.jar
Launcher Type: SUN_STANDARD

Environment Variables:
JAVA_HOME=C:\Program Files\Java\jdk1.8.0_202
USERNAME=ali
OS=Windows_NT
PROCESSOR_IDENTIFIER=Intel64 Family 6 Model 126 Stepping 5, GenuineIntel



---------------  S Y S T E M  ---------------

OS: Windows 10.0 , 64 bit Build 22621 (10.0.22621.5415)

CPU:total 8 (initial active 8) (4 cores per cpu, 2 threads per core) family 6 model 126 stepping 5, cmov, cx8, fxsr, mmx, sse, sse2, sse3, ssse3, sse4.1, sse4.2, popcnt, avx, avx2, aes, clmul, erms, 3dnowpref, lzcnt, ht, tsc, tscinvbit, bmi1, bmi2, adx

Memory: 4k page, physical 16553776k(3398540k free), swap 24548824k(8644k free)

vm_info: Java HotSpot(TM) 64-Bit Server VM (25.202-b08) for windows-amd64 JRE (1.8.0_202-b08), built on Dec 15 2018 19:54:30 by "java_re" with MS VC++ 10.0 (VS2010)

time: Thu Oct 23 12:31:30 2025
timezone: Maroc (heure d’été)
elapsed time: 3 seconds (0d 0h 0m 3s)

