#
# There is insufficient memory for the Java Runtime Environment to continue.
# Native memory allocation (malloc) failed to allocate 404176 bytes for Chunk::new
# Possible reasons:
#   The system is out of physical RAM or swap space
#   The process is running with CompressedOops enabled, and the Java Heap may be blocking the growth of the native heap
# Possible solutions:
#   Reduce memory load on the system
#   Increase physical memory or swap space
#   Check if swap backing store is full
#   Decrease Java heap size (-Xmx/-Xms)
#   Decrease number of Java threads
#   Decrease Java thread stack sizes (-Xss)
#   Set larger code cache with -XX:ReservedCodeCacheSize=
#   JVM is running with Zero Based Compressed Oops mode in which the Java heap is
#     placed in the first 32GB address space. The Java Heap base address is the
#     maximum limit for the native heap growth. Please use -XX:HeapBaseMinAddress
#     to set the Java Heap base and to place the Java Heap above 32GB virtual address.
# This output file may be truncated or incomplete.
#
#  Out of Memory Error (allocation.cpp:389), pid=29660, tid=0x0000000000006b04
#
# JRE version: Java(TM) SE Runtime Environment (8.0_202-b08) (build 1.8.0_202-b08)
# Java VM: Java HotSpot(TM) 64-Bit Server VM (25.202-b08 mixed mode windows-amd64 compressed oops)
# Failed to write core dump. Minidumps are not enabled by default on client versions of Windows
#

---------------  T H R E A D  ---------------

Current thread (0x000000001e751800):  JavaThread "C2 CompilerThread1" daemon [_thread_in_native, id=27396, stack(0x000000001f160000,0x000000001f260000)]

Stack: [0x000000001f160000,0x000000001f260000]
[error occurred during error reporting (printing stack bounds), id 0xc0000005]

Native frames: (J=compiled Java code, j=interpreted, Vv=VM code, C=native code)


Current CompileTask:
C2:   3483 1929       4       java.net.URLClassLoader$1::run (5 bytes)


---------------  P R O C E S S  ---------------

Java Threads: ( => current thread )
  0x000000002051d000 JavaThread "Thread-2" daemon [_thread_blocked, id=45440, stack(0x0000000022600000,0x0000000022700000)]
  0x000000001e7ea800 JavaThread "Service Thread" daemon [_thread_blocked, id=1840, stack(0x000000001f460000,0x000000001f560000)]
  0x000000001e76b800 JavaThread "C1 CompilerThread3" daemon [_thread_in_native, id=48104, stack(0x000000001f360000,0x000000001f460000)]
  0x000000001e756000 JavaThread "C2 CompilerThread2" daemon [_thread_in_native, id=38772, stack(0x000000001f260000,0x000000001f360000)]
=>0x000000001e751800 JavaThread "C2 CompilerThread1" daemon [_thread_in_native, id=27396, stack(0x000000001f160000,0x000000001f260000)]
  0x000000001e74f800 JavaThread "C2 CompilerThread0" daemon [_thread_blocked, id=46108, stack(0x000000001f060000,0x000000001f160000)]
  0x000000001e74b800 JavaThread "Attach Listener" daemon [_thread_blocked, id=47856, stack(0x000000001ef60000,0x000000001f060000)]
  0x000000001e74a800 JavaThread "Signal Dispatcher" daemon [_thread_blocked, id=26536, stack(0x000000001ee60000,0x000000001ef60000)]
  0x000000001e740800 JavaThread "Finalizer" daemon [_thread_blocked, id=12520, stack(0x000000001ec20000,0x000000001ed20000)]
  0x000000001c92d000 JavaThread "Reference Handler" daemon [_thread_blocked, id=36776, stack(0x000000001eb20000,0x000000001ec20000)]
  0x0000000002f03800 JavaThread "main" [_thread_in_native, id=43556, stack(0x0000000002e00000,0x0000000002f00000)]

Other Threads:
  0x000000001c928800 VMThread [stack: 0x000000001e620000,0x000000001e720000] [id=47424]
  0x000000001e80c800 WatcherThread [stack: 0x000000001f560000,0x000000001f660000] [id=38528]

VM state:not at safepoint (normal execution)

VM Mutex/Monitor currently owned by a thread: None

heap address: 0x00000006c3600000, size: 4042 MB, Compressed Oops mode: Zero based, Oop shift amount: 3
Narrow klass base: 0x0000000000000000, Narrow klass shift: 3
Compressed class space size: 1073741824 Address: 0x00000007c0000000

Heap:
 PSYoungGen      total 75776K, used 56100K [0x000000076bd00000, 0x0000000771180000, 0x00000007c0000000)
  eden space 65024K, 71% used [0x000000076bd00000,0x000000076ea9ba28,0x000000076fc80000)
  from space 10752K, 87% used [0x000000076fc80000,0x00000007705ad748,0x0000000770700000)
  to   space 10752K, 0% used [0x0000000770700000,0x0000000770700000,0x0000000771180000)
 ParOldGen       total 173568K, used 24K [0x00000006c3600000, 0x00000006cdf80000, 0x000000076bd00000)
  object space 173568K, 0% used [0x00000006c3600000,0x00000006c3606000,0x00000006cdf80000)
 Metaspace       used 17488K, capacity 17864K, committed 18048K, reserved 1064960K
  class space    used 2238K, capacity 2394K, committed 2432K, reserved 1048576K

Card table byte_map: [0x00000000123c0000,0x0000000012bb0000] byte_map_base: 0x000000000eda5000

Marking Bits: (ParMarkBitMap*) 0x000000005ff45ce0
 Begin Bits: [0x0000000013900000, 0x0000000017828000)
 End Bits:   [0x0000000017828000, 0x000000001b750000)

Polling page: 0x00000000014d0000

CodeCache: size=245760Kb used=7143Kb max_used=7143Kb free=238616Kb
 bounds [0x0000000003000000, 0x0000000003700000, 0x0000000012000000]
 total_blobs=2536 nmethods=2149 adapters=298
 compilation: enabled

Compilation events (10 events):
Event: 3.456 Thread 0x000000001e76b800 nmethod 2138 0x00000000036f2250 code [0x00000000036f23c0, 0x00000000036f25b0]
Event: 3.456 Thread 0x000000001e76b800 2139       3       java.lang.invoke.Invokers::checkCustomized (20 bytes)
Event: 3.456 Thread 0x000000001e76b800 nmethod 2139 0x00000000036f2650 code [0x00000000036f27c0, 0x00000000036f2a68]
Event: 3.457 Thread 0x000000001e76b800 2140       1       java.lang.invoke.DirectMethodHandle::internalMemberName (5 bytes)
Event: 3.457 Thread 0x000000001e76b800 nmethod 2140 0x00000000036f2b50 code [0x00000000036f2ca0, 0x00000000036f2db0]
Event: 3.466 Thread 0x000000001e76b800 2141       3       java.lang.String::toString (2 bytes)
Event: 3.466 Thread 0x000000001e74f800 2142       4       java.lang.Class::cast (27 bytes)
Event: 3.466 Thread 0x000000001e76b800 nmethod 2141 0x00000000036f2e10 code [0x00000000036f2f60, 0x00000000036f30b0]
Event: 3.467 Thread 0x000000001e74f800 nmethod 2142 0x00000000036f5e10 code [0x00000000036f5f40, 0x00000000036f6038]
Event: 3.467 Thread 0x000000001e74f800 2143       4       java.util.LinkedHashMap$LinkedHashIterator::hasNext (13 bytes)

GC Heap History (2 events):
Event: 1.940 GC heap before
{Heap before GC invocations=1 (full 0):
 PSYoungGen      total 75776K, used 65024K [0x000000076bd00000, 0x0000000771180000, 0x00000007c0000000)
  eden space 65024K, 100% used [0x000000076bd00000,0x000000076fc80000,0x000000076fc80000)
  from space 10752K, 0% used [0x0000000770700000,0x0000000770700000,0x0000000771180000)
  to   space 10752K, 0% used [0x000000076fc80000,0x000000076fc80000,0x0000000770700000)
 ParOldGen       total 173568K, used 0K [0x00000006c3600000, 0x00000006cdf80000, 0x000000076bd00000)
  object space 173568K, 0% used [0x00000006c3600000,0x00000006c3600000,0x00000006cdf80000)
 Metaspace       used 11746K, capacity 12042K, committed 12416K, reserved 1060864K
  class space    used 1465K, capacity 1579K, committed 1664K, reserved 1048576K
Event: 1.949 GC heap after
Heap after GC invocations=1 (full 0):
 PSYoungGen      total 75776K, used 9397K [0x000000076bd00000, 0x0000000771180000, 0x00000007c0000000)
  eden space 65024K, 0% used [0x000000076bd00000,0x000000076bd00000,0x000000076fc80000)
  from space 10752K, 87% used [0x000000076fc80000,0x00000007705ad748,0x0000000770700000)
  to   space 10752K, 0% used [0x0000000770700000,0x0000000770700000,0x0000000771180000)
 ParOldGen       total 173568K, used 24K [0x00000006c3600000, 0x00000006cdf80000, 0x000000076bd00000)
  object space 173568K, 0% used [0x00000006c3600000,0x00000006c3606000,0x00000006cdf80000)
 Metaspace       used 11746K, capacity 12042K, committed 12416K, reserved 1060864K
  class space    used 1465K, capacity 1579K, committed 1664K, reserved 1048576K
}

Deoptimization events (10 events):
Event: 2.635 Thread 0x0000000002f03800 Uncommon trap: reason=array_check action=maybe_recompile pc=0x0000000003541fc8 method=java.util.stream.Nodes$FixedNodeBuilder.accept(Ljava/lang/Object;)V @ 28
Event: 2.635 Thread 0x0000000002f03800 Uncommon trap: reason=array_check action=maybe_recompile pc=0x0000000003541fc8 method=java.util.stream.Nodes$FixedNodeBuilder.accept(Ljava/lang/Object;)V @ 28
Event: 2.635 Thread 0x0000000002f03800 Uncommon trap: reason=array_check action=maybe_recompile pc=0x0000000003541fc8 method=java.util.stream.Nodes$FixedNodeBuilder.accept(Ljava/lang/Object;)V @ 28
Event: 2.635 Thread 0x0000000002f03800 Uncommon trap: reason=array_check action=maybe_recompile pc=0x0000000003541fc8 method=java.util.stream.Nodes$FixedNodeBuilder.accept(Ljava/lang/Object;)V @ 28
Event: 2.689 Thread 0x0000000002f03800 Uncommon trap: reason=unstable_if action=reinterpret pc=0x00000000033aa8c8 method=java.lang.ClassLoader.checkName(Ljava/lang/String;)Z @ 1
Event: 3.143 Thread 0x0000000002f03800 Uncommon trap: reason=predicate action=maybe_recompile pc=0x00000000032b68b0 method=sun.net.www.ParseUtil.encodePath(Ljava/lang/String;Z)Ljava/lang/String; @ 36
Event: 3.333 Thread 0x0000000002f03800 Uncommon trap: reason=unstable_if action=reinterpret pc=0x00000000036aa898 method=org.eclipse.sisu.inject.InjectorBindings.isAssignableFrom(Lcom/google/inject/TypeLiteral;Lcom/google/inject/Binding;)Z @ 15
Event: 3.357 Thread 0x0000000002f03800 Uncommon trap: reason=unstable_if action=reinterpret pc=0x000000000338eb84 method=sun.nio.cs.StreamDecoder.implRead([CII)I @ 36
Event: 3.358 Thread 0x0000000002f03800 Uncommon trap: reason=unstable_if action=reinterpret pc=0x000000000336125c method=sun.nio.cs.StreamDecoder.implRead([CII)I @ 36
Event: 3.358 Thread 0x0000000002f03800 Uncommon trap: reason=unloaded action=reinterpret pc=0x000000000332c858 method=org.codehaus.plexus.util.xml.pull.MXParser.more()C @ 22

Classes redefined (0 events):
No events

Internal exceptions (10 events):
Event: 1.018 Thread 0x0000000002f03800 Exception <a 'java/lang/NoSuchMethodError': java.lang.Object.lambda$comparing$ea9a8b3a$1(Ljava/util/Comparator;Ljava/util/function/Function;Ljava/lang/Object;Ljava/lang/Object;)I> (0x000000076d5de840) thrown at [C:\re\workspace\8-2-build-windows-amd64-cyg
Event: 1.019 Thread 0x0000000002f03800 Exception <a 'java/lang/NoSuchMethodError': java.lang.Object.lambda$thenComparing$36697e65$1(Ljava/util/Comparator;Ljava/lang/Object;Ljava/lang/Object;)I> (0x000000076d5e67f8) thrown at [C:\re\workspace\8-2-build-windows-amd64-cygwin\jdk8u202\12323\hotspo
Event: 1.171 Thread 0x0000000002f03800 Exception <a 'java/lang/ArrayIndexOutOfBoundsException'> (0x000000076da8c340) thrown at [C:\re\workspace\8-2-build-windows-amd64-cygwin\jdk8u202\12323\hotspot\src\share\vm\runtime\sharedRuntime.cpp, line 605]
Event: 1.191 Thread 0x0000000002f03800 Exception <a 'java/lang/ArrayIndexOutOfBoundsException'> (0x000000076db0c058) thrown at [C:\re\workspace\8-2-build-windows-amd64-cygwin\jdk8u202\12323\hotspot\src\share\vm\runtime\sharedRuntime.cpp, line 605]
Event: 1.199 Thread 0x0000000002f03800 Exception <a 'java/lang/NoClassDefFoundError': javax/enterprise/inject/Typed> (0x000000076db40058) thrown at [C:\re\workspace\8-2-build-windows-amd64-cygwin\jdk8u202\12323\hotspot\src\share\vm\classfile\systemDictionary.cpp, line 199]
Event: 1.362 Thread 0x0000000002f03800 Exception <a 'java/lang/ArrayIndexOutOfBoundsException'> (0x000000076e2ba918) thrown at [C:\re\workspace\8-2-build-windows-amd64-cygwin\jdk8u202\12323\hotspot\src\share\vm\runtime\sharedRuntime.cpp, line 605]
Event: 1.363 Thread 0x0000000002f03800 Exception <a 'java/lang/ArrayIndexOutOfBoundsException'> (0x000000076e2bc4a8) thrown at [C:\re\workspace\8-2-build-windows-amd64-cygwin\jdk8u202\12323\hotspot\src\share\vm\runtime\sharedRuntime.cpp, line 605]
Event: 2.689 Thread 0x0000000002f03800 Implicit null exception at 0x00000000033aa70c to 0x00000000033aa8b9
Event: 3.142 Thread 0x0000000002f03800 Exception <a 'java/lang/NoClassDefFoundError': com/google/inject/servlet/ServletModuleTargetVisitor> (0x000000076e2317a0) thrown at [C:\re\workspace\8-2-build-windows-amd64-cygwin\jdk8u202\12323\hotspot\src\share\vm\classfile\systemDictionary.cpp, line 19
Event: 3.142 Thread 0x0000000002f03800 Exception <a 'java/lang/NoClassDefFoundError'> (0x000000076e2317a0) thrown at [C:\re\workspace\8-2-build-windows-amd64-cygwin\jdk8u202\12323\hotspot\src\share\vm\prims\jvm.cpp, line 1506]

Events (10 events):
Event: 3.463 loading class org/eclipse/aether/util/repository/DefaultMirrorSelector$MirrorDef
Event: 3.463 loading class org/eclipse/aether/util/repository/DefaultMirrorSelector$MirrorDef done
Event: 3.464 loading class org/eclipse/aether/util/repository/DefaultProxySelector
Event: 3.464 loading class org/eclipse/aether/util/repository/DefaultProxySelector done
Event: 3.465 loading class org/eclipse/aether/util/repository/DefaultAuthenticationSelector
Event: 3.465 loading class org/eclipse/aether/util/repository/DefaultAuthenticationSelector done
Event: 3.466 loading class org/apache/maven/internal/aether/LoggingRepositoryListener
Event: 3.466 loading class org/apache/maven/internal/aether/LoggingRepositoryListener done
Event: 3.466 loading class org/eclipse/aether/AbstractRepositoryListener
Event: 3.466 loading class org/eclipse/aether/AbstractRepositoryListener done


Dynamic libraries:
0x00007ff771890000 - 0x00007ff7718c7000 	C:\Program Files\Java\jdk1.8.0_202\bin\java.exe
0x00007ffccd550000 - 0x00007ffccd768000 	C:\WINDOWS\SYSTEM32\ntdll.dll
0x00007ffccb790000 - 0x00007ffccb854000 	C:\WINDOWS\System32\KERNEL32.DLL
0x00007ffcca9e0000 - 0x00007ffccadb3000 	C:\WINDOWS\System32\KERNELBASE.dll
0x00007ffccc1a0000 - 0x00007ffccc251000 	C:\WINDOWS\System32\ADVAPI32.dll
0x00007ffccbd50000 - 0x00007ffccbdf7000 	C:\WINDOWS\System32\msvcrt.dll
0x00007ffccc290000 - 0x00007ffccc338000 	C:\WINDOWS\System32\sechost.dll
0x00007ffcca9b0000 - 0x00007ffcca9d8000 	C:\WINDOWS\System32\bcrypt.dll
0x00007ffccb210000 - 0x00007ffccb328000 	C:\WINDOWS\System32\RPCRT4.dll
0x00007ffcccbe0000 - 0x00007ffcccd92000 	C:\WINDOWS\System32\USER32.dll
0x00007ffcca810000 - 0x00007ffcca836000 	C:\WINDOWS\System32\win32u.dll
0x00007ffccc260000 - 0x00007ffccc289000 	C:\WINDOWS\System32\GDI32.dll
0x00007ffccadc0000 - 0x00007ffccaee3000 	C:\WINDOWS\System32\gdi32full.dll
0x00007ffccaf70000 - 0x00007ffccb00a000 	C:\WINDOWS\System32\msvcp_win.dll
0x00007ffccb0d0000 - 0x00007ffccb1e1000 	C:\WINDOWS\System32\ucrtbase.dll
0x00007ffca59c0000 - 0x00007ffca5c5c000 	C:\WINDOWS\WinSxS\amd64_microsoft.windows.common-controls_6595b64144ccf1df_6.0.22621.6060_none_2712eda17382d24b\COMCTL32.dll
0x00007ffccce80000 - 0x00007ffccceb1000 	C:\WINDOWS\System32\IMM32.DLL
0x0000000062490000 - 0x0000000062562000 	C:\Program Files\Java\jdk1.8.0_202\jre\bin\msvcr100.dll
0x000000005f720000 - 0x000000005ffc5000 	C:\Program Files\Java\jdk1.8.0_202\jre\bin\server\jvm.dll
0x00007ffccbe00000 - 0x00007ffccbe08000 	C:\WINDOWS\System32\PSAPI.DLL
0x00007ffcc6140000 - 0x00007ffcc614a000 	C:\WINDOWS\SYSTEM32\VERSION.dll
0x00007ffc864a0000 - 0x00007ffc864a9000 	C:\WINDOWS\SYSTEM32\WSOCK32.dll
0x00007ffcc5450000 - 0x00007ffcc5484000 	C:\WINDOWS\SYSTEM32\WINMM.dll
0x00007ffccbc80000 - 0x00007ffccbcf1000 	C:\WINDOWS\System32\WS2_32.dll
0x00007ffcc5580000 - 0x00007ffcc558f000 	C:\Program Files\Java\jdk1.8.0_202\jre\bin\verify.dll
0x00007ffcaca30000 - 0x00007ffcaca59000 	C:\Program Files\Java\jdk1.8.0_202\jre\bin\java.dll
0x00007ffcaebf0000 - 0x00007ffcaec06000 	C:\Program Files\Java\jdk1.8.0_202\jre\bin\zip.dll
0x00007ffccc340000 - 0x00007ffcccbde000 	C:\WINDOWS\System32\SHELL32.dll
0x00007ffcca6d0000 - 0x00007ffcca80f000 	C:\WINDOWS\System32\wintypes.dll
0x00007ffccb860000 - 0x00007ffccbbf2000 	C:\WINDOWS\System32\combase.dll
0x00007ffcc84e0000 - 0x00007ffcc8df8000 	C:\WINDOWS\SYSTEM32\windows.storage.dll
0x00007ffccb4a0000 - 0x00007ffccb5a4000 	C:\WINDOWS\System32\SHCORE.dll
0x00007ffccbc00000 - 0x00007ffccbc69000 	C:\WINDOWS\System32\shlwapi.dll
0x00007ffcca580000 - 0x00007ffcca5a5000 	C:\WINDOWS\SYSTEM32\profapi.dll
0x00007ffcad820000 - 0x00007ffcad83a000 	C:\Program Files\Java\jdk1.8.0_202\jre\bin\net.dll
0x00007ffca43d0000 - 0x00007ffca45c5000 	C:\WINDOWS\SYSTEM32\urlmon.dll
0x00007ffca3d80000 - 0x00007ffca403f000 	C:\WINDOWS\SYSTEM32\iertutil.dll
0x00007ffcac690000 - 0x00007ffcac6b8000 	C:\WINDOWS\SYSTEM32\srvcli.dll
0x00007ffcc9050000 - 0x00007ffcc905c000 	C:\WINDOWS\SYSTEM32\netutils.dll
0x00007ffcc9aa0000 - 0x00007ffcc9b09000 	C:\WINDOWS\system32\mswsock.dll
0x00007ffcacf60000 - 0x00007ffcacf72000 	C:\Program Files\Java\jdk1.8.0_202\jre\bin\nio.dll
0x00007ffc9cb00000 - 0x00007ffc9cb24000 	C:\Users\ali\Downloads\maven-mvnd-1.0.3-windows-amd64\maven-mvnd-1.0.3-windows-amd64\mvn\lib\jansi-native\Windows\x86_64\jansi.dll

VM Arguments:
jvm_args: -Dclassworlds.conf=C:\Users\ali\Downloads\maven-mvnd-1.0.3-windows-amd64\maven-mvnd-1.0.3-windows-amd64\mvn\bin\m2.conf -Dmaven.home=C:\Users\ali\Downloads\maven-mvnd-1.0.3-windows-amd64\maven-mvnd-1.0.3-windows-amd64\mvn -Dlibrary.jansi.path=C:\Users\ali\Downloads\maven-mvnd-1.0.3-windows-amd64\maven-mvnd-1.0.3-windows-amd64\mvn\lib\jansi-native -Dmaven.multiModuleProjectDirectory=C:\Users\ali\Downloads\BigdataLabs\hadoop_lab\kafka_lab 
java_command: org.codehaus.plexus.classworlds.launcher.Launcher clean package
java_class_path (initial): C:\Users\ali\Downloads\maven-mvnd-1.0.3-windows-amd64\maven-mvnd-1.0.3-windows-amd64\mvn\boot\plexus-classworlds-2.9.0.jar
Launcher Type: SUN_STANDARD

Environment Variables:
JAVA_HOME=C:\Program Files\Java\jdk1.8.0_202
USERNAME=ali
OS=Windows_NT
PROCESSOR_IDENTIFIER=Intel64 Family 6 Model 126 Stepping 5, GenuineIntel



---------------  S Y S T E M  ---------------

OS: Windows 10.0 , 64 bit Build 22621 (10.0.22621.5415)

CPU:total 8 (initial active 8) (4 cores per cpu, 2 threads per core) family 6 model 126 stepping 5, cmov, cx8, fxsr, mmx, sse, sse2, sse3, ssse3, sse4.1, sse4.2, popcnt, avx, avx2, aes, clmul, erms, 3dnowpref, lzcnt, ht, tsc, tscinvbit, bmi1, bmi2, adx

Memory: 4k page, physical 16553776k(3380644k free), swap 24548824k(5304k free)

vm_info: Java HotSpot(TM) 64-Bit Server VM (25.202-b08) for windows-amd64 JRE (1.8.0_202-b08), built on Dec 15 2018 19:54:30 by "java_re" with MS VC++ 10.0 (VS2010)

time: Thu Oct 23 12:30:51 2025
timezone: Maroc (heure d’été)
elapsed time: 3 seconds (0d 0h 0m 3s)

